<?xml version="1.0" encoding="UTF-8"?>
<testsuite xmlns:xsi="http://www.w3.org/2001/XMLSchema-instance" xsi:noNamespaceSchemaLocation="https://maven.apache.org/surefire/maven-surefire-plugin/xsd/surefire-test-report.xsd" name="mflix.api.daos.UpdateCreateCommentTest" time="0.36" tests="5" errors="0" skipped="0" failures="4">
  <properties>
    <property name="java.specification.version" value="17"/>
    <property name="sun.cpu.isalist" value="amd64"/>
    <property name="sun.jnu.encoding" value="Cp1250"/>
    <property name="java.class.path" value="C:\Users\tomit\Documents\mflix\target\test-classes;C:\Users\tomit\Documents\mflix\target\classes;C:\Users\tomit\.m2\repository\org\springframework\boot\spring-boot-starter-web\2.7.0\spring-boot-starter-web-2.7.0.jar;C:\Users\tomit\.m2\repository\org\springframework\boot\spring-boot-starter\2.7.0\spring-boot-starter-2.7.0.jar;C:\Users\tomit\.m2\repository\org\springframework\boot\spring-boot-starter-logging\2.7.0\spring-boot-starter-logging-2.7.0.jar;C:\Users\tomit\.m2\repository\ch\qos\logback\logback-classic\1.2.11\logback-classic-1.2.11.jar;C:\Users\tomit\.m2\repository\ch\qos\logback\logback-core\1.2.11\logback-core-1.2.11.jar;C:\Users\tomit\.m2\repository\org\apache\logging\log4j\log4j-to-slf4j\2.17.2\log4j-to-slf4j-2.17.2.jar;C:\Users\tomit\.m2\repository\org\apache\logging\log4j\log4j-api\2.17.2\log4j-api-2.17.2.jar;C:\Users\tomit\.m2\repository\org\slf4j\jul-to-slf4j\1.7.36\jul-to-slf4j-1.7.36.jar;C:\Users\tomit\.m2\repository\jakarta\annotation\jakarta.annotation-api\1.3.5\jakarta.annotation-api-1.3.5.jar;C:\Users\tomit\.m2\repository\org\yaml\snakeyaml\1.30\snakeyaml-1.30.jar;C:\Users\tomit\.m2\repository\org\springframework\boot\spring-boot-starter-json\2.7.0\spring-boot-starter-json-2.7.0.jar;C:\Users\tomit\.m2\repository\com\fasterxml\jackson\datatype\jackson-datatype-jdk8\2.13.3\jackson-datatype-jdk8-2.13.3.jar;C:\Users\tomit\.m2\repository\com\fasterxml\jackson\module\jackson-module-parameter-names\2.13.3\jackson-module-parameter-names-2.13.3.jar;C:\Users\tomit\.m2\repository\org\springframework\boot\spring-boot-starter-tomcat\2.7.0\spring-boot-starter-tomcat-2.7.0.jar;C:\Users\tomit\.m2\repository\org\apache\tomcat\embed\tomcat-embed-core\9.0.63\tomcat-embed-core-9.0.63.jar;C:\Users\tomit\.m2\repository\org\apache\tomcat\embed\tomcat-embed-el\9.0.63\tomcat-embed-el-9.0.63.jar;C:\Users\tomit\.m2\repository\org\apache\tomcat\embed\tomcat-embed-websocket\9.0.63\tomcat-embed-websocket-9.0.63.jar;C:\Users\tomit\.m2\repository\org\springframework\spring-webmvc\5.3.20\spring-webmvc-5.3.20.jar;C:\Users\tomit\.m2\repository\org\springframework\boot\spring-boot-starter-test\2.7.0\spring-boot-starter-test-2.7.0.jar;C:\Users\tomit\.m2\repository\org\springframework\boot\spring-boot-test\2.7.0\spring-boot-test-2.7.0.jar;C:\Users\tomit\.m2\repository\org\springframework\boot\spring-boot-test-autoconfigure\2.7.0\spring-boot-test-autoconfigure-2.7.0.jar;C:\Users\tomit\.m2\repository\com\jayway\jsonpath\json-path\2.7.0\json-path-2.7.0.jar;C:\Users\tomit\.m2\repository\net\minidev\json-smart\2.4.7\json-smart-2.4.7.jar;C:\Users\tomit\.m2\repository\net\minidev\accessors-smart\2.4.7\accessors-smart-2.4.7.jar;C:\Users\tomit\.m2\repository\org\ow2\asm\asm\9.1\asm-9.1.jar;C:\Users\tomit\.m2\repository\org\slf4j\slf4j-api\1.7.33\slf4j-api-1.7.33.jar;C:\Users\tomit\.m2\repository\jakarta\xml\bind\jakarta.xml.bind-api\2.3.3\jakarta.xml.bind-api-2.3.3.jar;C:\Users\tomit\.m2\repository\jakarta\activation\jakarta.activation-api\1.2.2\jakarta.activation-api-1.2.2.jar;C:\Users\tomit\.m2\repository\org\assertj\assertj-core\3.22.0\assertj-core-3.22.0.jar;C:\Users\tomit\.m2\repository\org\hamcrest\hamcrest\2.2\hamcrest-2.2.jar;C:\Users\tomit\.m2\repository\org\junit\jupiter\junit-jupiter\5.8.2\junit-jupiter-5.8.2.jar;C:\Users\tomit\.m2\repository\org\junit\jupiter\junit-jupiter-params\5.8.2\junit-jupiter-params-5.8.2.jar;C:\Users\tomit\.m2\repository\org\junit\jupiter\junit-jupiter-engine\5.8.2\junit-jupiter-engine-5.8.2.jar;C:\Users\tomit\.m2\repository\org\junit\platform\junit-platform-engine\1.8.2\junit-platform-engine-1.8.2.jar;C:\Users\tomit\.m2\repository\org\mockito\mockito-core\4.5.1\mockito-core-4.5.1.jar;C:\Users\tomit\.m2\repository\net\bytebuddy\byte-buddy\1.12.9\byte-buddy-1.12.9.jar;C:\Users\tomit\.m2\repository\net\bytebuddy\byte-buddy-agent\1.12.9\byte-buddy-agent-1.12.9.jar;C:\Users\tomit\.m2\repository\org\objenesis\objenesis\3.2\objenesis-3.2.jar;C:\Users\tomit\.m2\repository\org\mockito\mockito-junit-jupiter\4.5.1\mockito-junit-jupiter-4.5.1.jar;C:\Users\tomit\.m2\repository\org\skyscreamer\jsonassert\1.5.0\jsonassert-1.5.0.jar;C:\Users\tomit\.m2\repository\com\vaadin\external\google\android-json\0.0.20131108.vaadin1\android-json-0.0.20131108.vaadin1.jar;C:\Users\tomit\.m2\repository\org\springframework\spring-test\5.3.20\spring-test-5.3.20.jar;C:\Users\tomit\.m2\repository\org\xmlunit\xmlunit-core\2.9.0\xmlunit-core-2.9.0.jar;C:\Users\tomit\.m2\repository\org\springframework\boot\spring-boot-starter-security\2.7.0\spring-boot-starter-security-2.7.0.jar;C:\Users\tomit\.m2\repository\org\springframework\spring-aop\5.3.20\spring-aop-5.3.20.jar;C:\Users\tomit\.m2\repository\org\springframework\security\spring-security-config\5.7.1\spring-security-config-5.7.1.jar;C:\Users\tomit\.m2\repository\org\springframework\security\spring-security-core\5.7.1\spring-security-core-5.7.1.jar;C:\Users\tomit\.m2\repository\org\springframework\security\spring-security-crypto\5.7.1\spring-security-crypto-5.7.1.jar;C:\Users\tomit\.m2\repository\org\springframework\security\spring-security-web\5.7.1\spring-security-web-5.7.1.jar;C:\Users\tomit\.m2\repository\org\springframework\boot\spring-boot\2.7.0\spring-boot-2.7.0.jar;C:\Users\tomit\.m2\repository\org\springframework\spring-context\5.3.20\spring-context-5.3.20.jar;C:\Users\tomit\.m2\repository\org\springframework\spring-beans\5.3.20\spring-beans-5.3.20.jar;C:\Users\tomit\.m2\repository\org\springframework\spring-expression\5.3.20\spring-expression-5.3.20.jar;C:\Users\tomit\.m2\repository\org\springframework\spring-core\5.3.20\spring-core-5.3.20.jar;C:\Users\tomit\.m2\repository\org\springframework\spring-jcl\5.3.20\spring-jcl-5.3.20.jar;C:\Users\tomit\.m2\repository\org\springframework\boot\spring-boot-autoconfigure\2.7.0\spring-boot-autoconfigure-2.7.0.jar;C:\Users\tomit\.m2\repository\org\springframework\spring-web\5.3.20\spring-web-5.3.20.jar;C:\Users\tomit\.m2\repository\io\jsonwebtoken\jjwt\0.9.1\jjwt-0.9.1.jar;C:\Users\tomit\.m2\repository\org\junit\jupiter\junit-jupiter-api\5.9.0-M1\junit-jupiter-api-5.9.0-M1.jar;C:\Users\tomit\.m2\repository\org\opentest4j\opentest4j\1.2.0\opentest4j-1.2.0.jar;C:\Users\tomit\.m2\repository\org\junit\platform\junit-platform-commons\1.9.0-M1\junit-platform-commons-1.9.0-M1.jar;C:\Users\tomit\.m2\repository\org\apiguardian\apiguardian-api\1.1.2\apiguardian-api-1.1.2.jar;C:\Users\tomit\.m2\repository\org\mongodb\mongodb-driver-sync\3.9.1\mongodb-driver-sync-3.9.1.jar;C:\Users\tomit\.m2\repository\org\mongodb\bson\3.9.1\bson-3.9.1.jar;C:\Users\tomit\.m2\repository\org\mongodb\mongodb-driver-core\3.9.1\mongodb-driver-core-3.9.1.jar;C:\Users\tomit\.m2\repository\com\fasterxml\jackson\core\jackson-core\2.13.3\jackson-core-2.13.3.jar;C:\Users\tomit\.m2\repository\com\fasterxml\jackson\core\jackson-databind\2.13.3\jackson-databind-2.13.3.jar;C:\Users\tomit\.m2\repository\com\fasterxml\jackson\core\jackson-annotations\2.13.3\jackson-annotations-2.13.3.jar;C:\Users\tomit\.m2\repository\com\fasterxml\jackson\datatype\jackson-datatype-jsr310\2.13.3\jackson-datatype-jsr310-2.13.3.jar;C:\Users\tomit\.m2\repository\jakarta\validation\jakarta.validation-api\3.0.2\jakarta.validation-api-3.0.2.jar;"/>
    <property name="java.vm.vendor" value="Eclipse Adoptium"/>
    <property name="sun.arch.data.model" value="64"/>
    <property name="user.variant" value=""/>
    <property name="java.vendor.url" value="https://adoptium.net/"/>
    <property name="user.timezone" value="Europe/Prague"/>
    <property name="os.name" value="Windows 11"/>
    <property name="java.vm.specification.version" value="17"/>
    <property name="sun.java.launcher" value="SUN_STANDARD"/>
    <property name="user.country" value="CZ"/>
    <property name="sun.boot.library.path" value="C:\Program Files\Eclipse Adoptium\jdk-17.0.2.8-hotspot\bin"/>
    <property name="sun.java.command" value="C:\Users\tomit\AppData\Local\Temp\surefire17037518413326886275\surefirebooter14721003776003149616.jar C:\Users\tomit\AppData\Local\Temp\surefire17037518413326886275 2022-06-09T19-49-08_288-jvmRun1 surefire5651216150279886457tmp surefire_03887838038072715573tmp"/>
    <property name="jdk.debug" value="release"/>
    <property name="surefire.test.class.path" value="C:\Users\tomit\Documents\mflix\target\test-classes;C:\Users\tomit\Documents\mflix\target\classes;C:\Users\tomit\.m2\repository\org\springframework\boot\spring-boot-starter-web\2.7.0\spring-boot-starter-web-2.7.0.jar;C:\Users\tomit\.m2\repository\org\springframework\boot\spring-boot-starter\2.7.0\spring-boot-starter-2.7.0.jar;C:\Users\tomit\.m2\repository\org\springframework\boot\spring-boot-starter-logging\2.7.0\spring-boot-starter-logging-2.7.0.jar;C:\Users\tomit\.m2\repository\ch\qos\logback\logback-classic\1.2.11\logback-classic-1.2.11.jar;C:\Users\tomit\.m2\repository\ch\qos\logback\logback-core\1.2.11\logback-core-1.2.11.jar;C:\Users\tomit\.m2\repository\org\apache\logging\log4j\log4j-to-slf4j\2.17.2\log4j-to-slf4j-2.17.2.jar;C:\Users\tomit\.m2\repository\org\apache\logging\log4j\log4j-api\2.17.2\log4j-api-2.17.2.jar;C:\Users\tomit\.m2\repository\org\slf4j\jul-to-slf4j\1.7.36\jul-to-slf4j-1.7.36.jar;C:\Users\tomit\.m2\repository\jakarta\annotation\jakarta.annotation-api\1.3.5\jakarta.annotation-api-1.3.5.jar;C:\Users\tomit\.m2\repository\org\yaml\snakeyaml\1.30\snakeyaml-1.30.jar;C:\Users\tomit\.m2\repository\org\springframework\boot\spring-boot-starter-json\2.7.0\spring-boot-starter-json-2.7.0.jar;C:\Users\tomit\.m2\repository\com\fasterxml\jackson\datatype\jackson-datatype-jdk8\2.13.3\jackson-datatype-jdk8-2.13.3.jar;C:\Users\tomit\.m2\repository\com\fasterxml\jackson\module\jackson-module-parameter-names\2.13.3\jackson-module-parameter-names-2.13.3.jar;C:\Users\tomit\.m2\repository\org\springframework\boot\spring-boot-starter-tomcat\2.7.0\spring-boot-starter-tomcat-2.7.0.jar;C:\Users\tomit\.m2\repository\org\apache\tomcat\embed\tomcat-embed-core\9.0.63\tomcat-embed-core-9.0.63.jar;C:\Users\tomit\.m2\repository\org\apache\tomcat\embed\tomcat-embed-el\9.0.63\tomcat-embed-el-9.0.63.jar;C:\Users\tomit\.m2\repository\org\apache\tomcat\embed\tomcat-embed-websocket\9.0.63\tomcat-embed-websocket-9.0.63.jar;C:\Users\tomit\.m2\repository\org\springframework\spring-webmvc\5.3.20\spring-webmvc-5.3.20.jar;C:\Users\tomit\.m2\repository\org\springframework\boot\spring-boot-starter-test\2.7.0\spring-boot-starter-test-2.7.0.jar;C:\Users\tomit\.m2\repository\org\springframework\boot\spring-boot-test\2.7.0\spring-boot-test-2.7.0.jar;C:\Users\tomit\.m2\repository\org\springframework\boot\spring-boot-test-autoconfigure\2.7.0\spring-boot-test-autoconfigure-2.7.0.jar;C:\Users\tomit\.m2\repository\com\jayway\jsonpath\json-path\2.7.0\json-path-2.7.0.jar;C:\Users\tomit\.m2\repository\net\minidev\json-smart\2.4.7\json-smart-2.4.7.jar;C:\Users\tomit\.m2\repository\net\minidev\accessors-smart\2.4.7\accessors-smart-2.4.7.jar;C:\Users\tomit\.m2\repository\org\ow2\asm\asm\9.1\asm-9.1.jar;C:\Users\tomit\.m2\repository\org\slf4j\slf4j-api\1.7.33\slf4j-api-1.7.33.jar;C:\Users\tomit\.m2\repository\jakarta\xml\bind\jakarta.xml.bind-api\2.3.3\jakarta.xml.bind-api-2.3.3.jar;C:\Users\tomit\.m2\repository\jakarta\activation\jakarta.activation-api\1.2.2\jakarta.activation-api-1.2.2.jar;C:\Users\tomit\.m2\repository\org\assertj\assertj-core\3.22.0\assertj-core-3.22.0.jar;C:\Users\tomit\.m2\repository\org\hamcrest\hamcrest\2.2\hamcrest-2.2.jar;C:\Users\tomit\.m2\repository\org\junit\jupiter\junit-jupiter\5.8.2\junit-jupiter-5.8.2.jar;C:\Users\tomit\.m2\repository\org\junit\jupiter\junit-jupiter-params\5.8.2\junit-jupiter-params-5.8.2.jar;C:\Users\tomit\.m2\repository\org\junit\jupiter\junit-jupiter-engine\5.8.2\junit-jupiter-engine-5.8.2.jar;C:\Users\tomit\.m2\repository\org\junit\platform\junit-platform-engine\1.8.2\junit-platform-engine-1.8.2.jar;C:\Users\tomit\.m2\repository\org\mockito\mockito-core\4.5.1\mockito-core-4.5.1.jar;C:\Users\tomit\.m2\repository\net\bytebuddy\byte-buddy\1.12.9\byte-buddy-1.12.9.jar;C:\Users\tomit\.m2\repository\net\bytebuddy\byte-buddy-agent\1.12.9\byte-buddy-agent-1.12.9.jar;C:\Users\tomit\.m2\repository\org\objenesis\objenesis\3.2\objenesis-3.2.jar;C:\Users\tomit\.m2\repository\org\mockito\mockito-junit-jupiter\4.5.1\mockito-junit-jupiter-4.5.1.jar;C:\Users\tomit\.m2\repository\org\skyscreamer\jsonassert\1.5.0\jsonassert-1.5.0.jar;C:\Users\tomit\.m2\repository\com\vaadin\external\google\android-json\0.0.20131108.vaadin1\android-json-0.0.20131108.vaadin1.jar;C:\Users\tomit\.m2\repository\org\springframework\spring-test\5.3.20\spring-test-5.3.20.jar;C:\Users\tomit\.m2\repository\org\xmlunit\xmlunit-core\2.9.0\xmlunit-core-2.9.0.jar;C:\Users\tomit\.m2\repository\org\springframework\boot\spring-boot-starter-security\2.7.0\spring-boot-starter-security-2.7.0.jar;C:\Users\tomit\.m2\repository\org\springframework\spring-aop\5.3.20\spring-aop-5.3.20.jar;C:\Users\tomit\.m2\repository\org\springframework\security\spring-security-config\5.7.1\spring-security-config-5.7.1.jar;C:\Users\tomit\.m2\repository\org\springframework\security\spring-security-core\5.7.1\spring-security-core-5.7.1.jar;C:\Users\tomit\.m2\repository\org\springframework\security\spring-security-crypto\5.7.1\spring-security-crypto-5.7.1.jar;C:\Users\tomit\.m2\repository\org\springframework\security\spring-security-web\5.7.1\spring-security-web-5.7.1.jar;C:\Users\tomit\.m2\repository\org\springframework\boot\spring-boot\2.7.0\spring-boot-2.7.0.jar;C:\Users\tomit\.m2\repository\org\springframework\spring-context\5.3.20\spring-context-5.3.20.jar;C:\Users\tomit\.m2\repository\org\springframework\spring-beans\5.3.20\spring-beans-5.3.20.jar;C:\Users\tomit\.m2\repository\org\springframework\spring-expression\5.3.20\spring-expression-5.3.20.jar;C:\Users\tomit\.m2\repository\org\springframework\spring-core\5.3.20\spring-core-5.3.20.jar;C:\Users\tomit\.m2\repository\org\springframework\spring-jcl\5.3.20\spring-jcl-5.3.20.jar;C:\Users\tomit\.m2\repository\org\springframework\boot\spring-boot-autoconfigure\2.7.0\spring-boot-autoconfigure-2.7.0.jar;C:\Users\tomit\.m2\repository\org\springframework\spring-web\5.3.20\spring-web-5.3.20.jar;C:\Users\tomit\.m2\repository\io\jsonwebtoken\jjwt\0.9.1\jjwt-0.9.1.jar;C:\Users\tomit\.m2\repository\org\junit\jupiter\junit-jupiter-api\5.9.0-M1\junit-jupiter-api-5.9.0-M1.jar;C:\Users\tomit\.m2\repository\org\opentest4j\opentest4j\1.2.0\opentest4j-1.2.0.jar;C:\Users\tomit\.m2\repository\org\junit\platform\junit-platform-commons\1.9.0-M1\junit-platform-commons-1.9.0-M1.jar;C:\Users\tomit\.m2\repository\org\apiguardian\apiguardian-api\1.1.2\apiguardian-api-1.1.2.jar;C:\Users\tomit\.m2\repository\org\mongodb\mongodb-driver-sync\3.9.1\mongodb-driver-sync-3.9.1.jar;C:\Users\tomit\.m2\repository\org\mongodb\bson\3.9.1\bson-3.9.1.jar;C:\Users\tomit\.m2\repository\org\mongodb\mongodb-driver-core\3.9.1\mongodb-driver-core-3.9.1.jar;C:\Users\tomit\.m2\repository\com\fasterxml\jackson\core\jackson-core\2.13.3\jackson-core-2.13.3.jar;C:\Users\tomit\.m2\repository\com\fasterxml\jackson\core\jackson-databind\2.13.3\jackson-databind-2.13.3.jar;C:\Users\tomit\.m2\repository\com\fasterxml\jackson\core\jackson-annotations\2.13.3\jackson-annotations-2.13.3.jar;C:\Users\tomit\.m2\repository\com\fasterxml\jackson\datatype\jackson-datatype-jsr310\2.13.3\jackson-datatype-jsr310-2.13.3.jar;C:\Users\tomit\.m2\repository\jakarta\validation\jakarta.validation-api\3.0.2\jakarta.validation-api-3.0.2.jar;"/>
    <property name="sun.cpu.endian" value="little"/>
    <property name="user.home" value="C:\Users\tomit"/>
    <property name="user.language" value="cs"/>
    <property name="java.specification.vendor" value="Oracle Corporation"/>
    <property name="java.version.date" value="2022-01-18"/>
    <property name="java.home" value="C:\Program Files\Eclipse Adoptium\jdk-17.0.2.8-hotspot"/>
    <property name="file.separator" value="\"/>
    <property name="basedir" value="C:\Users\tomit\Documents\mflix"/>
    <property name="java.vm.compressedOopsMode" value="Zero based"/>
    <property name="line.separator" value="&#10;"/>
    <property name="java.vm.specification.vendor" value="Oracle Corporation"/>
    <property name="java.specification.name" value="Java Platform API Specification"/>
    <property name="surefire.real.class.path" value="C:\Users\tomit\AppData\Local\Temp\surefire17037518413326886275\surefirebooter14721003776003149616.jar"/>
    <property name="user.script" value=""/>
    <property name="sun.management.compiler" value="HotSpot 64-Bit Tiered Compilers"/>
    <property name="java.runtime.version" value="17.0.2+8"/>
    <property name="user.name" value="tomit"/>
    <property name="path.separator" value=";"/>
    <property name="os.version" value="10.0"/>
    <property name="java.runtime.name" value="OpenJDK Runtime Environment"/>
    <property name="file.encoding" value="Cp1250"/>
    <property name="java.vm.name" value="OpenJDK 64-Bit Server VM"/>
    <property name="java.vendor.version" value="Temurin-17.0.2+8"/>
    <property name="localRepository" value="C:\Users\tomit\.m2\repository"/>
    <property name="java.vendor.url.bug" value="https://github.com/adoptium/adoptium-support/issues"/>
    <property name="java.io.tmpdir" value="C:\Users\tomit\AppData\Local\Temp\"/>
    <property name="java.version" value="17.0.2"/>
    <property name="user.dir" value="C:\Users\tomit\Documents\mflix"/>
    <property name="os.arch" value="amd64"/>
    <property name="java.vm.specification.name" value="Java Virtual Machine Specification"/>
    <property name="sun.os.patch.level" value=""/>
    <property name="native.encoding" value="Cp1250"/>
    <property name="java.library.path" value="C:\Program Files\Eclipse Adoptium\jdk-17.0.2.8-hotspot\bin;C:\WINDOWS\Sun\Java\bin;C:\WINDOWS\system32;C:\WINDOWS;C:/Program Files/Eclipse Adoptium/jdk-17.0.2.8-hotspot/bin/server;C:/Program Files/Eclipse Adoptium/jdk-17.0.2.8-hotspot/bin;C:\Program Files\Eclipse Adoptium\jdk-17.0.2.8-hotspot\bin;C:\WINDOWS\system32;C:\WINDOWS;C:\WINDOWS\System32\Wbem;C:\WINDOWS\System32\WindowsPowerShell\v1.0\;C:\WINDOWS\System32\OpenSSH\;C:\Program Files\Git\cmd;C:\Program Files\Eclipse Adoptium\jdk-17.0.2.8-hotspot\\bin;C:\Users\tomit\DEV\apache-maven-3.8.4\bin;;C:\Program Files\Docker\Docker\resources\bin;C:\ProgramData\DockerDesktop\version-bin;C:\Users\tomit\AppData\Local\Microsoft\WindowsApps;C:\Program Files\Oracle\VirtualBox\;;C:\Users\tomit\OneDrive\Desktop;;."/>
    <property name="java.vm.info" value="mixed mode, sharing"/>
    <property name="java.vendor" value="Eclipse Adoptium"/>
    <property name="java.vm.version" value="17.0.2+8"/>
    <property name="sun.io.unicode.encoding" value="UnicodeLittle"/>
    <property name="java.class.version" value="61.0"/>
  </properties>
  <testcase name="testUserAddCommentWithNoID" classname="mflix.api.daos.UpdateCreateCommentTest" time="0.078">
    <failure message="Expected mflix.api.daos.IncorrectDaoOperation to be thrown, but nothing was thrown." type="org.opentest4j.AssertionFailedError">org.opentest4j.AssertionFailedError: Expected mflix.api.daos.IncorrectDaoOperation to be thrown, but nothing was thrown.
	at mflix.api.daos.UpdateCreateCommentTest.testUserAddCommentWithNoID(UpdateCreateCommentTest.java:113)
</failure>
    <system-out><![CDATA[2022-06-09 19:49:23.547  INFO 11952 --- [           main] .b.t.c.SpringBootTestContextBootstrapper : Neither @ContextConfiguration nor @ContextHierarchy found for test class [mflix.api.daos.UpdateCreateCommentTest], using SpringBootContextLoader
2022-06-09 19:49:23.548  INFO 11952 --- [           main] o.s.t.c.support.AbstractContextLoader    : Could not detect default resource locations for test class [mflix.api.daos.UpdateCreateCommentTest]: no resource found for suffixes {-context.xml, Context.groovy}.
2022-06-09 19:49:23.552  INFO 11952 --- [           main] .b.t.c.SpringBootTestContextBootstrapper : Loaded default TestExecutionListener class names from location [META-INF/spring.factories]: [org.springframework.boot.test.mock.mockito.MockitoTestExecutionListener, org.springframework.boot.test.mock.mockito.ResetMocksTestExecutionListener, org.springframework.boot.test.autoconfigure.restdocs.RestDocsTestExecutionListener, org.springframework.boot.test.autoconfigure.web.client.MockRestServiceServerResetTestExecutionListener, org.springframework.boot.test.autoconfigure.web.servlet.MockMvcPrintOnlyOnFailureTestExecutionListener, org.springframework.boot.test.autoconfigure.web.servlet.WebDriverTestExecutionListener, org.springframework.boot.test.autoconfigure.webservices.client.MockWebServiceServerTestExecutionListener, org.springframework.test.context.web.ServletTestExecutionListener, org.springframework.test.context.support.DirtiesContextBeforeModesTestExecutionListener, org.springframework.test.context.event.ApplicationEventsTestExecutionListener, org.springframework.test.context.support.DependencyInjectionTestExecutionListener, org.springframework.test.context.support.DirtiesContextTestExecutionListener, org.springframework.test.context.transaction.TransactionalTestExecutionListener, org.springframework.test.context.jdbc.SqlScriptsTestExecutionListener, org.springframework.test.context.event.EventPublishingTestExecutionListener]
2022-06-09 19:49:23.554  INFO 11952 --- [           main] .b.t.c.SpringBootTestContextBootstrapper : Using TestExecutionListeners: [org.springframework.test.context.web.ServletTestExecutionListener@1b25d695, org.springframework.test.context.support.DirtiesContextBeforeModesTestExecutionListener@4ef8090b, org.springframework.test.context.event.ApplicationEventsTestExecutionListener@6d31f14, org.springframework.boot.test.mock.mockito.MockitoTestExecutionListener@404009df, org.springframework.boot.test.autoconfigure.SpringBootDependencyInjectionTestExecutionListener@75e4fe3c, org.springframework.test.context.support.DirtiesContextTestExecutionListener@7bda01da, org.springframework.test.context.event.EventPublishingTestExecutionListener@65ef9a0a, org.springframework.boot.test.mock.mockito.ResetMocksTestExecutionListener@25216999, org.springframework.boot.test.autoconfigure.restdocs.RestDocsTestExecutionListener@77e6761f, org.springframework.boot.test.autoconfigure.web.client.MockRestServiceServerResetTestExecutionListener@5c997de8, org.springframework.boot.test.autoconfigure.web.servlet.MockMvcPrintOnlyOnFailureTestExecutionListener@45bf93bb, org.springframework.boot.test.autoconfigure.web.servlet.WebDriverTestExecutionListener@6b7c4734, org.springframework.boot.test.autoconfigure.webservices.client.MockWebServiceServerTestExecutionListener@2f6e92ca]
2022-06-09 19:49:23.577  INFO 11952 --- [ngodb.net:27017] org.mongodb.driver.connection            : Opened connection [connectionId{localValue:29, serverValue:476670}] to ac-mab1ksh-shard-00-00.npmecby.mongodb.net:27017
2022-06-09 19:49:23.577  INFO 11952 --- [ngodb.net:27017] org.mongodb.driver.connection            : Opened connection [connectionId{localValue:27, serverValue:1292037}] to ac-mab1ksh-shard-00-02.npmecby.mongodb.net:27017
2022-06-09 19:49:23.577  INFO 11952 --- [ngodb.net:27017] org.mongodb.driver.connection            : Opened connection [connectionId{localValue:28, serverValue:475045}] to ac-mab1ksh-shard-00-01.npmecby.mongodb.net:27017
2022-06-09 19:49:23.604  INFO 11952 --- [ngodb.net:27017] org.mongodb.driver.cluster               : Monitor thread successfully connected to server with description ServerDescription{address=ac-mab1ksh-shard-00-00.npmecby.mongodb.net:27017, type=REPLICA_SET_SECONDARY, state=CONNECTED, ok=true, version=ServerVersion{versionList=[5, 0, 8]}, minWireVersion=0, maxWireVersion=13, maxDocumentSize=16777216, logicalSessionTimeoutMinutes=30, roundTripTimeNanos=26374100, setName='atlas-n8vu6c-shard-0', canonicalAddress=ac-mab1ksh-shard-00-00.npmecby.mongodb.net:27017, hosts=[ac-mab1ksh-shard-00-00.npmecby.mongodb.net:27017, ac-mab1ksh-shard-00-02.npmecby.mongodb.net:27017, ac-mab1ksh-shard-00-01.npmecby.mongodb.net:27017], passives=[], arbiters=[], primary='ac-mab1ksh-shard-00-02.npmecby.mongodb.net:27017', tagSet=TagSet{[Tag{name='nodeType', value='ELECTABLE'}, Tag{name='workloadType', value='OPERATIONAL'}, Tag{name='provider', value='AWS'}, Tag{name='region', value='EU_CENTRAL_1'}]}, electionId=null, setVersion=8, lastWriteDate=Thu Jun 09 19:49:23 CEST 2022, lastUpdateTimeNanos=177735476348600}
2022-06-09 19:49:23.604  INFO 11952 --- [ngodb.net:27017] org.mongodb.driver.cluster               : Monitor thread successfully connected to server with description ServerDescription{address=ac-mab1ksh-shard-00-01.npmecby.mongodb.net:27017, type=REPLICA_SET_SECONDARY, state=CONNECTED, ok=true, version=ServerVersion{versionList=[5, 0, 8]}, minWireVersion=0, maxWireVersion=13, maxDocumentSize=16777216, logicalSessionTimeoutMinutes=30, roundTripTimeNanos=26261900, setName='atlas-n8vu6c-shard-0', canonicalAddress=ac-mab1ksh-shard-00-01.npmecby.mongodb.net:27017, hosts=[ac-mab1ksh-shard-00-00.npmecby.mongodb.net:27017, ac-mab1ksh-shard-00-02.npmecby.mongodb.net:27017, ac-mab1ksh-shard-00-01.npmecby.mongodb.net:27017], passives=[], arbiters=[], primary='ac-mab1ksh-shard-00-02.npmecby.mongodb.net:27017', tagSet=TagSet{[Tag{name='provider', value='AWS'}, Tag{name='region', value='EU_CENTRAL_1'}, Tag{name='nodeType', value='ELECTABLE'}, Tag{name='workloadType', value='OPERATIONAL'}]}, electionId=null, setVersion=8, lastWriteDate=Thu Jun 09 19:49:23 CEST 2022, lastUpdateTimeNanos=177735476348700}
2022-06-09 19:49:23.605  INFO 11952 --- [ngodb.net:27017] org.mongodb.driver.cluster               : Monitor thread successfully connected to server with description ServerDescription{address=ac-mab1ksh-shard-00-02.npmecby.mongodb.net:27017, type=REPLICA_SET_PRIMARY, state=CONNECTED, ok=true, version=ServerVersion{versionList=[5, 0, 8]}, minWireVersion=0, maxWireVersion=13, maxDocumentSize=16777216, logicalSessionTimeoutMinutes=30, roundTripTimeNanos=27365600, setName='atlas-n8vu6c-shard-0', canonicalAddress=ac-mab1ksh-shard-00-02.npmecby.mongodb.net:27017, hosts=[ac-mab1ksh-shard-00-00.npmecby.mongodb.net:27017, ac-mab1ksh-shard-00-02.npmecby.mongodb.net:27017, ac-mab1ksh-shard-00-01.npmecby.mongodb.net:27017], passives=[], arbiters=[], primary='ac-mab1ksh-shard-00-02.npmecby.mongodb.net:27017', tagSet=TagSet{[Tag{name='region', value='EU_CENTRAL_1'}, Tag{name='workloadType', value='OPERATIONAL'}, Tag{name='provider', value='AWS'}, Tag{name='nodeType', value='ELECTABLE'}]}, electionId=7fffffff00000000000001fc, setVersion=8, lastWriteDate=Thu Jun 09 19:49:23 CEST 2022, lastUpdateTimeNanos=177735477397200}
2022-06-09 19:49:23.606  INFO 11952 --- [ngodb.net:27017] org.mongodb.driver.cluster               : Setting max election id to 7fffffff00000000000001fc from replica set primary ac-mab1ksh-shard-00-02.npmecby.mongodb.net:27017
2022-06-09 19:49:23.606  INFO 11952 --- [ngodb.net:27017] org.mongodb.driver.cluster               : Setting max set version to 8 from replica set primary ac-mab1ksh-shard-00-02.npmecby.mongodb.net:27017
2022-06-09 19:49:23.606  INFO 11952 --- [ngodb.net:27017] org.mongodb.driver.cluster               : Discovered replica set primary ac-mab1ksh-shard-00-02.npmecby.mongodb.net:27017
]]></system-out>
  </testcase>
  <testcase name="testAddCommentUsingObjectId" classname="mflix.api.daos.UpdateCreateCommentTest" time="0.097">
    <failure message="expected: not &lt;null&gt;" type="org.opentest4j.AssertionFailedError"><![CDATA[org.opentest4j.AssertionFailedError: expected: not <null>
	at mflix.api.daos.UpdateCreateCommentTest.testAddCommentUsingObjectId(UpdateCreateCommentTest.java:145)
]]></failure>
    <system-out><![CDATA[2022-06-09 19:49:23.714  INFO 11952 --- [ngodb.net:27017] org.mongodb.driver.connection            : Opened connection [connectionId{localValue:30, serverValue:475043}] to ac-mab1ksh-shard-00-01.npmecby.mongodb.net:27017
2022-06-09 19:49:23.714  INFO 11952 --- [ngodb.net:27017] org.mongodb.driver.connection            : Opened connection [connectionId{localValue:32, serverValue:1291983}] to ac-mab1ksh-shard-00-02.npmecby.mongodb.net:27017
2022-06-09 19:49:23.731  INFO 11952 --- [ngodb.net:27017] org.mongodb.driver.connection            : Opened connection [connectionId{localValue:31, serverValue:476671}] to ac-mab1ksh-shard-00-00.npmecby.mongodb.net:27017
]]></system-out>
  </testcase>
  <testcase name="testUserUpdatesOwnComments" classname="mflix.api.daos.UpdateCreateCommentTest" time="0.059">
    <failure message="Should be able to update his own comments. Check updateComment implementation ==&gt; expected: &lt;true&gt; but was: &lt;false&gt;" type="org.opentest4j.AssertionFailedError"><![CDATA[org.opentest4j.AssertionFailedError: Should be able to update his own comments. Check updateComment implementation ==> expected: <true> but was: <false>
	at mflix.api.daos.UpdateCreateCommentTest.testUserUpdatesOwnComments(UpdateCreateCommentTest.java:88)
]]></failure>
    <system-out><![CDATA[2022-06-09 19:49:23.739  INFO 11952 --- [ngodb.net:27017] org.mongodb.driver.cluster               : Monitor thread successfully connected to server with description ServerDescription{address=ac-mab1ksh-shard-00-02.npmecby.mongodb.net:27017, type=REPLICA_SET_PRIMARY, state=CONNECTED, ok=true, version=ServerVersion{versionList=[5, 0, 8]}, minWireVersion=0, maxWireVersion=13, maxDocumentSize=16777216, logicalSessionTimeoutMinutes=30, roundTripTimeNanos=24540900, setName='atlas-n8vu6c-shard-0', canonicalAddress=ac-mab1ksh-shard-00-02.npmecby.mongodb.net:27017, hosts=[ac-mab1ksh-shard-00-00.npmecby.mongodb.net:27017, ac-mab1ksh-shard-00-02.npmecby.mongodb.net:27017, ac-mab1ksh-shard-00-01.npmecby.mongodb.net:27017], passives=[], arbiters=[], primary='ac-mab1ksh-shard-00-02.npmecby.mongodb.net:27017', tagSet=TagSet{[Tag{name='workloadType', value='OPERATIONAL'}, Tag{name='provider', value='AWS'}, Tag{name='region', value='EU_CENTRAL_1'}, Tag{name='nodeType', value='ELECTABLE'}]}, electionId=7fffffff00000000000001fc, setVersion=8, lastWriteDate=Thu Jun 09 19:49:23 CEST 2022, lastUpdateTimeNanos=177735611666400}
2022-06-09 19:49:23.739  INFO 11952 --- [ngodb.net:27017] org.mongodb.driver.cluster               : Monitor thread successfully connected to server with description ServerDescription{address=ac-mab1ksh-shard-00-01.npmecby.mongodb.net:27017, type=REPLICA_SET_SECONDARY, state=CONNECTED, ok=true, version=ServerVersion{versionList=[5, 0, 8]}, minWireVersion=0, maxWireVersion=13, maxDocumentSize=16777216, logicalSessionTimeoutMinutes=30, roundTripTimeNanos=24571500, setName='atlas-n8vu6c-shard-0', canonicalAddress=ac-mab1ksh-shard-00-01.npmecby.mongodb.net:27017, hosts=[ac-mab1ksh-shard-00-00.npmecby.mongodb.net:27017, ac-mab1ksh-shard-00-02.npmecby.mongodb.net:27017, ac-mab1ksh-shard-00-01.npmecby.mongodb.net:27017], passives=[], arbiters=[], primary='ac-mab1ksh-shard-00-02.npmecby.mongodb.net:27017', tagSet=TagSet{[Tag{name='region', value='EU_CENTRAL_1'}, Tag{name='nodeType', value='ELECTABLE'}, Tag{name='workloadType', value='OPERATIONAL'}, Tag{name='provider', value='AWS'}]}, electionId=null, setVersion=8, lastWriteDate=Thu Jun 09 19:49:23 CEST 2022, lastUpdateTimeNanos=177735611665700}
2022-06-09 19:49:23.739  INFO 11952 --- [ngodb.net:27017] org.mongodb.driver.cluster               : Setting max election id to 7fffffff00000000000001fc from replica set primary ac-mab1ksh-shard-00-02.npmecby.mongodb.net:27017
2022-06-09 19:49:23.740  INFO 11952 --- [ngodb.net:27017] org.mongodb.driver.cluster               : Setting max set version to 8 from replica set primary ac-mab1ksh-shard-00-02.npmecby.mongodb.net:27017
2022-06-09 19:49:23.740  INFO 11952 --- [ngodb.net:27017] org.mongodb.driver.cluster               : Discovered replica set primary ac-mab1ksh-shard-00-02.npmecby.mongodb.net:27017
2022-06-09 19:49:23.758  INFO 11952 --- [ngodb.net:27017] org.mongodb.driver.cluster               : Monitor thread successfully connected to server with description ServerDescription{address=ac-mab1ksh-shard-00-00.npmecby.mongodb.net:27017, type=REPLICA_SET_SECONDARY, state=CONNECTED, ok=true, version=ServerVersion{versionList=[5, 0, 8]}, minWireVersion=0, maxWireVersion=13, maxDocumentSize=16777216, logicalSessionTimeoutMinutes=30, roundTripTimeNanos=26498300, setName='atlas-n8vu6c-shard-0', canonicalAddress=ac-mab1ksh-shard-00-00.npmecby.mongodb.net:27017, hosts=[ac-mab1ksh-shard-00-00.npmecby.mongodb.net:27017, ac-mab1ksh-shard-00-02.npmecby.mongodb.net:27017, ac-mab1ksh-shard-00-01.npmecby.mongodb.net:27017], passives=[], arbiters=[], primary='ac-mab1ksh-shard-00-02.npmecby.mongodb.net:27017', tagSet=TagSet{[Tag{name='provider', value='AWS'}, Tag{name='workloadType', value='OPERATIONAL'}, Tag{name='nodeType', value='ELECTABLE'}, Tag{name='region', value='EU_CENTRAL_1'}]}, electionId=null, setVersion=8, lastWriteDate=Thu Jun 09 19:49:23 CEST 2022, lastUpdateTimeNanos=177735630841100}
]]></system-out>
  </testcase>
  <testcase name="testUserFailsUpdateOthersComments" classname="mflix.api.daos.UpdateCreateCommentTest" time="0.062"/>
  <testcase name="testAddCommentWithId" classname="mflix.api.daos.UpdateCreateCommentTest" time="0.057">
    <failure message="Comment should have been correctly added. Check your addComments method ==&gt; expected: not &lt;null&gt;" type="org.opentest4j.AssertionFailedError"><![CDATA[org.opentest4j.AssertionFailedError: Comment should have been correctly added. Check your addComments method ==> expected: not <null>
	at mflix.api.daos.UpdateCreateCommentTest.testAddCommentWithId(UpdateCreateCommentTest.java:122)
]]></failure>
  </testcase>
</testsuite>